<?xml version="1.0" encoding="UTF-8"?>
<!-- Generated by org.testng.reporters.JUnitReportReporter -->
<testsuite hostname="DESKTOP-BTI5G9F" name="pageclass.TestCases" tests="1" failures="0" timestamp="24 Mar 2020 14:15:12 GMT" time="7.965" errors="0">
  <testcase name="f" time="7.965" classname="pageclass.TestCases"/>
</testsuite> <!-- pageclass.TestCases -->
